<?xml version="1.0" encoding="UTF-8"?>
<testsuite xmlns:xsi="http://www.w3.org/2001/XMLSchema-instance" xsi:noNamespaceSchemaLocation="https://maven.apache.org/surefire/maven-surefire-plugin/xsd/surefire-test-report.xsd" name="com.example.app.Weather" time="32.411" tests="3" errors="3" skipped="0" failures="0">
  <properties>
    <property name="gopherProxySet" value="false"/>
    <property name="awt.toolkit" value="sun.lwawt.macosx.LWCToolkit"/>
    <property name="file.encoding.pkg" value="sun.io"/>
    <property name="java.specification.version" value="1.8"/>
    <property name="sun.cpu.isalist" value=""/>
    <property name="sun.jnu.encoding" value="UTF-8"/>
    <property name="java.class.path" value="/Users/tatsuyakatami/Desktop/dev/app/target/test-classes:/Users/tatsuyakatami/Desktop/dev/app/target/classes:/Users/tatsuyakatami/.m2/repository/org/junit/jupiter/junit-jupiter-api/5.3.2/junit-jupiter-api-5.3.2.jar:/Users/tatsuyakatami/.m2/repository/org/apiguardian/apiguardian-api/1.0.0/apiguardian-api-1.0.0.jar:/Users/tatsuyakatami/.m2/repository/org/opentest4j/opentest4j/1.1.1/opentest4j-1.1.1.jar:/Users/tatsuyakatami/.m2/repository/org/junit/platform/junit-platform-commons/1.3.2/junit-platform-commons-1.3.2.jar:/Users/tatsuyakatami/.m2/repository/org/junit/jupiter/junit-jupiter-engine/5.3.2/junit-jupiter-engine-5.3.2.jar:/Users/tatsuyakatami/.m2/repository/org/junit/platform/junit-platform-engine/1.3.2/junit-platform-engine-1.3.2.jar:/Users/tatsuyakatami/.m2/repository/com/codeborne/selenide/5.2.2/selenide-5.2.2.jar:/Users/tatsuyakatami/.m2/repository/org/seleniumhq/selenium/selenium-java/3.141.59/selenium-java-3.141.59.jar:/Users/tatsuyakatami/.m2/repository/org/seleniumhq/selenium/selenium-api/3.141.59/selenium-api-3.141.59.jar:/Users/tatsuyakatami/.m2/repository/org/seleniumhq/selenium/selenium-chrome-driver/3.141.59/selenium-chrome-driver-3.141.59.jar:/Users/tatsuyakatami/.m2/repository/org/seleniumhq/selenium/selenium-edge-driver/3.141.59/selenium-edge-driver-3.141.59.jar:/Users/tatsuyakatami/.m2/repository/org/seleniumhq/selenium/selenium-firefox-driver/3.141.59/selenium-firefox-driver-3.141.59.jar:/Users/tatsuyakatami/.m2/repository/org/seleniumhq/selenium/selenium-ie-driver/3.141.59/selenium-ie-driver-3.141.59.jar:/Users/tatsuyakatami/.m2/repository/org/seleniumhq/selenium/selenium-opera-driver/3.141.59/selenium-opera-driver-3.141.59.jar:/Users/tatsuyakatami/.m2/repository/org/seleniumhq/selenium/selenium-remote-driver/3.141.59/selenium-remote-driver-3.141.59.jar:/Users/tatsuyakatami/.m2/repository/org/seleniumhq/selenium/selenium-safari-driver/3.141.59/selenium-safari-driver-3.141.59.jar:/Users/tatsuyakatami/.m2/repository/org/seleniumhq/selenium/selenium-support/3.141.59/selenium-support-3.141.59.jar:/Users/tatsuyakatami/.m2/repository/net/bytebuddy/byte-buddy/1.8.15/byte-buddy-1.8.15.jar:/Users/tatsuyakatami/.m2/repository/org/apache/commons/commons-exec/1.3/commons-exec-1.3.jar:/Users/tatsuyakatami/.m2/repository/com/google/guava/guava/25.0-jre/guava-25.0-jre.jar:/Users/tatsuyakatami/.m2/repository/com/google/code/findbugs/jsr305/1.3.9/jsr305-1.3.9.jar:/Users/tatsuyakatami/.m2/repository/org/checkerframework/checker-compat-qual/2.0.0/checker-compat-qual-2.0.0.jar:/Users/tatsuyakatami/.m2/repository/com/google/errorprone/error_prone_annotations/2.1.3/error_prone_annotations-2.1.3.jar:/Users/tatsuyakatami/.m2/repository/com/google/j2objc/j2objc-annotations/1.1/j2objc-annotations-1.1.jar:/Users/tatsuyakatami/.m2/repository/org/codehaus/mojo/animal-sniffer-annotations/1.14/animal-sniffer-annotations-1.14.jar:/Users/tatsuyakatami/.m2/repository/com/squareup/okhttp3/okhttp/3.11.0/okhttp-3.11.0.jar:/Users/tatsuyakatami/.m2/repository/com/squareup/okio/okio/1.14.0/okio-1.14.0.jar:/Users/tatsuyakatami/.m2/repository/io/github/bonigarcia/webdrivermanager/3.3.0/webdrivermanager-3.3.0.jar:/Users/tatsuyakatami/.m2/repository/commons-io/commons-io/2.6/commons-io-2.6.jar:/Users/tatsuyakatami/.m2/repository/com/google/code/gson/gson/2.8.5/gson-2.8.5.jar:/Users/tatsuyakatami/.m2/repository/org/apache/commons/commons-lang3/3.8.1/commons-lang3-3.8.1.jar:/Users/tatsuyakatami/.m2/repository/org/apache/httpcomponents/httpclient/4.5.6/httpclient-4.5.6.jar:/Users/tatsuyakatami/.m2/repository/org/apache/httpcomponents/httpcore/4.4.10/httpcore-4.4.10.jar:/Users/tatsuyakatami/.m2/repository/commons-logging/commons-logging/1.2/commons-logging-1.2.jar:/Users/tatsuyakatami/.m2/repository/commons-codec/commons-codec/1.10/commons-codec-1.10.jar:/Users/tatsuyakatami/.m2/repository/org/rauschig/jarchivelib/1.0.0/jarchivelib-1.0.0.jar:/Users/tatsuyakatami/.m2/repository/org/apache/commons/commons-compress/1.18/commons-compress-1.18.jar:/Users/tatsuyakatami/.m2/repository/org/jsoup/jsoup/1.11.3/jsoup-1.11.3.jar:/Users/tatsuyakatami/.m2/repository/net/lightbody/bmp/browsermob-core/2.1.5/browsermob-core-2.1.5.jar:/Users/tatsuyakatami/.m2/repository/net/lightbody/bmp/littleproxy/1.1.0-beta-bmp-17/littleproxy-1.1.0-beta-bmp-17.jar:/Users/tatsuyakatami/.m2/repository/com/fasterxml/jackson/core/jackson-core/2.8.9/jackson-core-2.8.9.jar:/Users/tatsuyakatami/.m2/repository/com/fasterxml/jackson/core/jackson-databind/2.8.9/jackson-databind-2.8.9.jar:/Users/tatsuyakatami/.m2/repository/com/fasterxml/jackson/core/jackson-annotations/2.8.9/jackson-annotations-2.8.9.jar:/Users/tatsuyakatami/.m2/repository/dnsjava/dnsjava/2.1.8/dnsjava-2.1.8.jar:/Users/tatsuyakatami/.m2/repository/org/slf4j/jcl-over-slf4j/1.7.25/jcl-over-slf4j-1.7.25.jar:/Users/tatsuyakatami/.m2/repository/com/jcraft/jzlib/1.1.3/jzlib-1.1.3.jar:/Users/tatsuyakatami/.m2/repository/io/netty/netty-all/4.0.51.Final/netty-all-4.0.51.Final.jar:/Users/tatsuyakatami/.m2/repository/org/bouncycastle/bcprov-jdk15on/1.58/bcprov-jdk15on-1.58.jar:/Users/tatsuyakatami/.m2/repository/org/bouncycastle/bcpkix-jdk15on/1.58/bcpkix-jdk15on-1.58.jar:/Users/tatsuyakatami/.m2/repository/net/lightbody/bmp/mitm/2.1.5/mitm-2.1.5.jar:/Users/tatsuyakatami/.m2/repository/org/slf4j/slf4j-log4j12/1.7.2/slf4j-log4j12-1.7.2.jar:/Users/tatsuyakatami/.m2/repository/org/slf4j/slf4j-api/1.7.2/slf4j-api-1.7.2.jar:/Users/tatsuyakatami/.m2/repository/log4j/log4j/1.2.17/log4j-1.2.17.jar:/Users/tatsuyakatami/.m2/repository/org/junit/jupiter/junit-jupiter-params/5.1.1/junit-jupiter-params-5.1.1.jar:/Users/tatsuyakatami/.m2/repository/org/assertj/assertj-core/3.11.1/assertj-core-3.11.1.jar:"/>
    <property name="java.vm.vendor" value="Oracle Corporation"/>
    <property name="sun.arch.data.model" value="64"/>
    <property name="java.vendor.url" value="http://java.oracle.com/"/>
    <property name="user.timezone" value=""/>
    <property name="java.vm.specification.version" value="1.8"/>
    <property name="os.name" value="Mac OS X"/>
    <property name="user.country" value="JP"/>
    <property name="sun.java.launcher" value="SUN_STANDARD"/>
    <property name="sun.boot.library.path" value="/Library/Java/JavaVirtualMachines/jdk1.8.0_202.jdk/Contents/Home/jre/lib"/>
    <property name="sun.java.command" value="/Users/tatsuyakatami/Desktop/dev/app/target/surefire/surefirebooter5029749934439079399.jar /Users/tatsuyakatami/Desktop/dev/app/target/surefire 2020-04-09T21-53-04_772-jvmRun1 surefire7231064220103493178tmp surefire_0597679542216653028tmp"/>
    <property name="http.nonProxyHosts" value="local|*.local|169.254/16|*.169.254/16"/>
    <property name="test" value="Weather"/>
    <property name="surefire.test.class.path" value="/Users/tatsuyakatami/Desktop/dev/app/target/test-classes:/Users/tatsuyakatami/Desktop/dev/app/target/classes:/Users/tatsuyakatami/.m2/repository/org/junit/jupiter/junit-jupiter-api/5.3.2/junit-jupiter-api-5.3.2.jar:/Users/tatsuyakatami/.m2/repository/org/apiguardian/apiguardian-api/1.0.0/apiguardian-api-1.0.0.jar:/Users/tatsuyakatami/.m2/repository/org/opentest4j/opentest4j/1.1.1/opentest4j-1.1.1.jar:/Users/tatsuyakatami/.m2/repository/org/junit/platform/junit-platform-commons/1.3.2/junit-platform-commons-1.3.2.jar:/Users/tatsuyakatami/.m2/repository/org/junit/jupiter/junit-jupiter-engine/5.3.2/junit-jupiter-engine-5.3.2.jar:/Users/tatsuyakatami/.m2/repository/org/junit/platform/junit-platform-engine/1.3.2/junit-platform-engine-1.3.2.jar:/Users/tatsuyakatami/.m2/repository/com/codeborne/selenide/5.2.2/selenide-5.2.2.jar:/Users/tatsuyakatami/.m2/repository/org/seleniumhq/selenium/selenium-java/3.141.59/selenium-java-3.141.59.jar:/Users/tatsuyakatami/.m2/repository/org/seleniumhq/selenium/selenium-api/3.141.59/selenium-api-3.141.59.jar:/Users/tatsuyakatami/.m2/repository/org/seleniumhq/selenium/selenium-chrome-driver/3.141.59/selenium-chrome-driver-3.141.59.jar:/Users/tatsuyakatami/.m2/repository/org/seleniumhq/selenium/selenium-edge-driver/3.141.59/selenium-edge-driver-3.141.59.jar:/Users/tatsuyakatami/.m2/repository/org/seleniumhq/selenium/selenium-firefox-driver/3.141.59/selenium-firefox-driver-3.141.59.jar:/Users/tatsuyakatami/.m2/repository/org/seleniumhq/selenium/selenium-ie-driver/3.141.59/selenium-ie-driver-3.141.59.jar:/Users/tatsuyakatami/.m2/repository/org/seleniumhq/selenium/selenium-opera-driver/3.141.59/selenium-opera-driver-3.141.59.jar:/Users/tatsuyakatami/.m2/repository/org/seleniumhq/selenium/selenium-remote-driver/3.141.59/selenium-remote-driver-3.141.59.jar:/Users/tatsuyakatami/.m2/repository/org/seleniumhq/selenium/selenium-safari-driver/3.141.59/selenium-safari-driver-3.141.59.jar:/Users/tatsuyakatami/.m2/repository/org/seleniumhq/selenium/selenium-support/3.141.59/selenium-support-3.141.59.jar:/Users/tatsuyakatami/.m2/repository/net/bytebuddy/byte-buddy/1.8.15/byte-buddy-1.8.15.jar:/Users/tatsuyakatami/.m2/repository/org/apache/commons/commons-exec/1.3/commons-exec-1.3.jar:/Users/tatsuyakatami/.m2/repository/com/google/guava/guava/25.0-jre/guava-25.0-jre.jar:/Users/tatsuyakatami/.m2/repository/com/google/code/findbugs/jsr305/1.3.9/jsr305-1.3.9.jar:/Users/tatsuyakatami/.m2/repository/org/checkerframework/checker-compat-qual/2.0.0/checker-compat-qual-2.0.0.jar:/Users/tatsuyakatami/.m2/repository/com/google/errorprone/error_prone_annotations/2.1.3/error_prone_annotations-2.1.3.jar:/Users/tatsuyakatami/.m2/repository/com/google/j2objc/j2objc-annotations/1.1/j2objc-annotations-1.1.jar:/Users/tatsuyakatami/.m2/repository/org/codehaus/mojo/animal-sniffer-annotations/1.14/animal-sniffer-annotations-1.14.jar:/Users/tatsuyakatami/.m2/repository/com/squareup/okhttp3/okhttp/3.11.0/okhttp-3.11.0.jar:/Users/tatsuyakatami/.m2/repository/com/squareup/okio/okio/1.14.0/okio-1.14.0.jar:/Users/tatsuyakatami/.m2/repository/io/github/bonigarcia/webdrivermanager/3.3.0/webdrivermanager-3.3.0.jar:/Users/tatsuyakatami/.m2/repository/commons-io/commons-io/2.6/commons-io-2.6.jar:/Users/tatsuyakatami/.m2/repository/com/google/code/gson/gson/2.8.5/gson-2.8.5.jar:/Users/tatsuyakatami/.m2/repository/org/apache/commons/commons-lang3/3.8.1/commons-lang3-3.8.1.jar:/Users/tatsuyakatami/.m2/repository/org/apache/httpcomponents/httpclient/4.5.6/httpclient-4.5.6.jar:/Users/tatsuyakatami/.m2/repository/org/apache/httpcomponents/httpcore/4.4.10/httpcore-4.4.10.jar:/Users/tatsuyakatami/.m2/repository/commons-logging/commons-logging/1.2/commons-logging-1.2.jar:/Users/tatsuyakatami/.m2/repository/commons-codec/commons-codec/1.10/commons-codec-1.10.jar:/Users/tatsuyakatami/.m2/repository/org/rauschig/jarchivelib/1.0.0/jarchivelib-1.0.0.jar:/Users/tatsuyakatami/.m2/repository/org/apache/commons/commons-compress/1.18/commons-compress-1.18.jar:/Users/tatsuyakatami/.m2/repository/org/jsoup/jsoup/1.11.3/jsoup-1.11.3.jar:/Users/tatsuyakatami/.m2/repository/net/lightbody/bmp/browsermob-core/2.1.5/browsermob-core-2.1.5.jar:/Users/tatsuyakatami/.m2/repository/net/lightbody/bmp/littleproxy/1.1.0-beta-bmp-17/littleproxy-1.1.0-beta-bmp-17.jar:/Users/tatsuyakatami/.m2/repository/com/fasterxml/jackson/core/jackson-core/2.8.9/jackson-core-2.8.9.jar:/Users/tatsuyakatami/.m2/repository/com/fasterxml/jackson/core/jackson-databind/2.8.9/jackson-databind-2.8.9.jar:/Users/tatsuyakatami/.m2/repository/com/fasterxml/jackson/core/jackson-annotations/2.8.9/jackson-annotations-2.8.9.jar:/Users/tatsuyakatami/.m2/repository/dnsjava/dnsjava/2.1.8/dnsjava-2.1.8.jar:/Users/tatsuyakatami/.m2/repository/org/slf4j/jcl-over-slf4j/1.7.25/jcl-over-slf4j-1.7.25.jar:/Users/tatsuyakatami/.m2/repository/com/jcraft/jzlib/1.1.3/jzlib-1.1.3.jar:/Users/tatsuyakatami/.m2/repository/io/netty/netty-all/4.0.51.Final/netty-all-4.0.51.Final.jar:/Users/tatsuyakatami/.m2/repository/org/bouncycastle/bcprov-jdk15on/1.58/bcprov-jdk15on-1.58.jar:/Users/tatsuyakatami/.m2/repository/org/bouncycastle/bcpkix-jdk15on/1.58/bcpkix-jdk15on-1.58.jar:/Users/tatsuyakatami/.m2/repository/net/lightbody/bmp/mitm/2.1.5/mitm-2.1.5.jar:/Users/tatsuyakatami/.m2/repository/org/slf4j/slf4j-log4j12/1.7.2/slf4j-log4j12-1.7.2.jar:/Users/tatsuyakatami/.m2/repository/org/slf4j/slf4j-api/1.7.2/slf4j-api-1.7.2.jar:/Users/tatsuyakatami/.m2/repository/log4j/log4j/1.2.17/log4j-1.2.17.jar:/Users/tatsuyakatami/.m2/repository/org/junit/jupiter/junit-jupiter-params/5.1.1/junit-jupiter-params-5.1.1.jar:/Users/tatsuyakatami/.m2/repository/org/assertj/assertj-core/3.11.1/assertj-core-3.11.1.jar:"/>
    <property name="sun.cpu.endian" value="little"/>
    <property name="user.home" value="/Users/tatsuyakatami"/>
    <property name="user.language" value="ja"/>
    <property name="java.specification.vendor" value="Oracle Corporation"/>
    <property name="java.home" value="/Library/Java/JavaVirtualMachines/jdk1.8.0_202.jdk/Contents/Home/jre"/>
    <property name="basedir" value="/Users/tatsuyakatami/Desktop/dev/app"/>
    <property name="file.separator" value="/"/>
    <property name="line.separator" value="&#10;"/>
    <property name="java.vm.specification.vendor" value="Oracle Corporation"/>
    <property name="java.specification.name" value="Java Platform API Specification"/>
    <property name="java.awt.graphicsenv" value="sun.awt.CGraphicsEnvironment"/>
    <property name="surefire.real.class.path" value="/Users/tatsuyakatami/Desktop/dev/app/target/surefire/surefirebooter5029749934439079399.jar"/>
    <property name="sun.boot.class.path" value="/Library/Java/JavaVirtualMachines/jdk1.8.0_202.jdk/Contents/Home/jre/lib/resources.jar:/Library/Java/JavaVirtualMachines/jdk1.8.0_202.jdk/Contents/Home/jre/lib/rt.jar:/Library/Java/JavaVirtualMachines/jdk1.8.0_202.jdk/Contents/Home/jre/lib/sunrsasign.jar:/Library/Java/JavaVirtualMachines/jdk1.8.0_202.jdk/Contents/Home/jre/lib/jsse.jar:/Library/Java/JavaVirtualMachines/jdk1.8.0_202.jdk/Contents/Home/jre/lib/jce.jar:/Library/Java/JavaVirtualMachines/jdk1.8.0_202.jdk/Contents/Home/jre/lib/charsets.jar:/Library/Java/JavaVirtualMachines/jdk1.8.0_202.jdk/Contents/Home/jre/lib/jfr.jar:/Library/Java/JavaVirtualMachines/jdk1.8.0_202.jdk/Contents/Home/jre/classes"/>
    <property name="sun.management.compiler" value="HotSpot 64-Bit Tiered Compilers"/>
    <property name="ftp.nonProxyHosts" value="local|*.local|169.254/16|*.169.254/16"/>
    <property name="java.runtime.version" value="1.8.0_202-b08"/>
    <property name="user.name" value="tatsuyakatami"/>
    <property name="path.separator" value=":"/>
    <property name="os.version" value="10.13.6"/>
    <property name="java.endorsed.dirs" value="/Library/Java/JavaVirtualMachines/jdk1.8.0_202.jdk/Contents/Home/jre/lib/endorsed"/>
    <property name="java.runtime.name" value="Java(TM) SE Runtime Environment"/>
    <property name="file.encoding" value="UTF-8"/>
    <property name="java.vm.name" value="Java HotSpot(TM) 64-Bit Server VM"/>
    <property name="localRepository" value="/Users/tatsuyakatami/.m2/repository"/>
    <property name="java.vendor.url.bug" value="http://bugreport.sun.com/bugreport/"/>
    <property name="java.io.tmpdir" value="/var/folders/qc/gvsbvtx57l1_620tk2hb_7j00000gn/T/"/>
    <property name="java.version" value="1.8.0_202"/>
    <property name="user.dir" value="/Users/tatsuyakatami/Desktop/dev/app"/>
    <property name="os.arch" value="x86_64"/>
    <property name="java.vm.specification.name" value="Java Virtual Machine Specification"/>
    <property name="java.awt.printerjob" value="sun.lwawt.macosx.CPrinterJob"/>
    <property name="sun.os.patch.level" value="unknown"/>
    <property name="java.library.path" value="/Users/tatsuyakatami/Library/Java/Extensions:/Library/Java/Extensions:/Network/Library/Java/Extensions:/System/Library/Java/Extensions:/usr/lib/java:."/>
    <property name="java.vm.info" value="mixed mode"/>
    <property name="java.vendor" value="Oracle Corporation"/>
    <property name="java.vm.version" value="25.202-b08"/>
    <property name="java.ext.dirs" value="/Users/tatsuyakatami/Library/Java/Extensions:/Library/Java/JavaVirtualMachines/jdk1.8.0_202.jdk/Contents/Home/jre/lib/ext:/Library/Java/Extensions:/Network/Library/Java/Extensions:/System/Library/Java/Extensions:/usr/lib/java"/>
    <property name="sun.io.unicode.encoding" value="UnicodeBig"/>
    <property name="java.class.version" value="52.0"/>
    <property name="socksNonProxyHosts" value="local|*.local|169.254/16|*.169.254/16"/>
  </properties>
  <testcase name="openWeather{String, String}[1]" classname="com.example.app.Weather" time="16.686">
    <error message="invalid selector: The result of the xpath expression &quot;//*[@id=&apos;cat-pass&apos;]/p/text()[4]&quot; is: [object Text]. It should be an element.&#10;  (Session info: chrome=80.0.3987.163)&#10;For documentation on this error, please visit: https://www.seleniumhq.org/exceptions/invalid_selector_exception.html&#10;Build info: version: &apos;3.141.59&apos;, revision: &apos;e82be7d358&apos;, time: &apos;2018-11-14T08:17:03&apos;&#10;System info: host: &apos;katamitatsuyanoMacBook-ea.local&apos;, ip: &apos;fe80:0:0:0:818:a4c8:b860:3050%en0&apos;, os.name: &apos;Mac OS X&apos;, os.arch: &apos;x86_64&apos;, os.version: &apos;10.13.6&apos;, java.version: &apos;1.8.0_202&apos;&#10;Driver info: org.openqa.selenium.chrome.ChromeDriver&#10;Capabilities {acceptInsecureCerts: false, browserName: chrome, browserVersion: 80.0.3987.163, chrome: {chromedriverVersion: 80.0.3987.106 (f68069574609..., userDataDir: /var/folders/qc/gvsbvtx57l1...}, goog:chromeOptions: {debuggerAddress: localhost:52512}, javascriptEnabled: true, networkConnectionEnabled: false, pageLoadStrategy: normal, platform: MAC, platformName: MAC, proxy: Proxy(), setWindowRect: true, strictFileInteractability: false, timeouts: {implicit: 0, pageLoad: 300000, script: 30000}, unhandledPromptBehavior: dismiss and notify}&#10;Session ID: ec75ea134f24a772180e893686595b6c&#10;*** Element info: {Using=xpath, value=//*[@id=&apos;cat-pass&apos;]/p/text()[4]}" type="org.openqa.selenium.InvalidSelectorException">org.openqa.selenium.InvalidSelectorException: 
invalid selector: The result of the xpath expression "//*[@id='cat-pass']/p/text()[4]" is: [object Text]. It should be an element.
  (Session info: chrome=80.0.3987.163)
For documentation on this error, please visit: https://www.seleniumhq.org/exceptions/invalid_selector_exception.html
Build info: version: '3.141.59', revision: 'e82be7d358', time: '2018-11-14T08:17:03'
System info: host: 'katamitatsuyanoMacBook-ea.local', ip: 'fe80:0:0:0:818:a4c8:b860:3050%en0', os.name: 'Mac OS X', os.arch: 'x86_64', os.version: '10.13.6', java.version: '1.8.0_202'
Driver info: org.openqa.selenium.chrome.ChromeDriver
Capabilities {acceptInsecureCerts: false, browserName: chrome, browserVersion: 80.0.3987.163, chrome: {chromedriverVersion: 80.0.3987.106 (f68069574609..., userDataDir: /var/folders/qc/gvsbvtx57l1...}, goog:chromeOptions: {debuggerAddress: localhost:52512}, javascriptEnabled: true, networkConnectionEnabled: false, pageLoadStrategy: normal, platform: MAC, platformName: MAC, proxy: Proxy(), setWindowRect: true, strictFileInteractability: false, timeouts: {implicit: 0, pageLoad: 300000, script: 30000}, unhandledPromptBehavior: dismiss and notify}
Session ID: ec75ea134f24a772180e893686595b6c
*** Element info: {Using=xpath, value=//*[@id='cat-pass']/p/text()[4]}
	at com.example.app.Weather.openWeather(Weather.java:38)
</error>
    <system-err><![CDATA[4 09, 2020 9:53:06 午後 com.codeborne.selenide.drivercommands.LazyDriver getAndCheckWebDriver
情報: No webdriver is bound to current thread: 1 - let's create a new webdriver
log4j:WARN No appenders could be found for logger (io.github.bonigarcia.wdm.Preferences).
log4j:WARN Please initialize the log4j system properly.
log4j:WARN See http://logging.apache.org/log4j/1.2/faq.html#noconfig for more info.
Starting ChromeDriver 80.0.3987.106 (f68069574609230cf9b635cd784cfb1bf81bb53a-refs/branch-heads/3987@{#882}) on port 45659
Only local connections are allowed.
Please protect ports used by ChromeDriver and related test frameworks to prevent access by malicious code.
4 09, 2020 9:53:08 午後 org.openqa.selenium.remote.ProtocolHandshake createSession
情報: Detected dialect: W3C
4 09, 2020 9:53:08 午後 com.codeborne.selenide.webdriver.BrowserResizer adjustBrowserSize
情報: Set browser size to 1366x768
4 09, 2020 9:53:09 午後 com.codeborne.selenide.webdriver.WebDriverFactory logBrowserVersion
情報: BrowserName=chrome Version=80.0.3987.163 Platform=MAC
4 09, 2020 9:53:09 午後 com.codeborne.selenide.webdriver.WebDriverFactory createWebDriver
情報: Selenide v. 5.2.2
4 09, 2020 9:53:09 午後 com.codeborne.selenide.webdriver.WebDriverFactory logSeleniumInfo
情報: Selenium WebDriver v. 3.141.59 build time: 2018-11-14T08:17:03
4 09, 2020 9:53:09 午後 com.codeborne.selenide.drivercommands.CreateDriverCommand createDriver
情報: Create webdriver in current thread 1: ChromeDriver -> ChromeDriver: chrome on MAC (ec75ea134f24a772180e893686595b6c)
[1586436791.099][SEVERE]: Timed out receiving message from renderer: 0.100
[1586436791.254][SEVERE]: Timed out receiving message from renderer: 0.100
[1586436791.661][SEVERE]: Timed out receiving message from renderer: 0.100
[1586436791.763][SEVERE]: Timed out receiving message from renderer: 0.100
[1586436791.868][SEVERE]: Timed out receiving message from renderer: 0.100
[1586436791.970][SEVERE]: Timed out receiving message from renderer: 0.100
[1586436792.072][SEVERE]: Timed out receiving message from renderer: 0.100
[1586436792.176][SEVERE]: Timed out receiving message from renderer: 0.100
[1586436792.279][SEVERE]: Timed out receiving message from renderer: 0.100
[1586436792.380][SEVERE]: Timed out receiving message from renderer: 0.100
[1586436793.287][SEVERE]: Timed out receiving message from renderer: 0.100
[1586436793.389][SEVERE]: Timed out receiving message from renderer: 0.100
[1586436793.515][SEVERE]: Timed out receiving message from renderer: 0.100
[1586436793.827][SEVERE]: Timed out receiving message from renderer: 0.100
[1586436793.929][SEVERE]: Timed out receiving message from renderer: 0.100
[1586436794.052][SEVERE]: Timed out receiving message from renderer: 0.100
[1586436794.227][SEVERE]: Timed out receiving message from renderer: 0.100
[1586436794.329][SEVERE]: Timed out receiving message from renderer: 0.100
[1586436794.431][SEVERE]: Timed out receiving message from renderer: 0.100
[1586436794.533][SEVERE]: Timed out receiving message from renderer: 0.100
[1586436794.635][SEVERE]: Timed out receiving message from renderer: 0.100
[1586436794.737][SEVERE]: Timed out receiving message from renderer: 0.100
[1586436795.534][SEVERE]: Timed out receiving message from renderer: 0.100
[1586436795.818][SEVERE]: Timed out receiving message from renderer: 0.100
[1586436796.001][SEVERE]: Timed out receiving message from renderer: 0.100
[1586436796.279][SEVERE]: Timed out receiving message from renderer: 0.100
[1586436796.383][SEVERE]: Timed out receiving message from renderer: 0.100
[1586436796.486][SEVERE]: Timed out receiving message from renderer: 0.100
[1586436796.588][SEVERE]: Timed out receiving message from renderer: 0.100
[1586436796.691][SEVERE]: Timed out receiving message from renderer: 0.100
[1586436796.794][SEVERE]: Timed out receiving message from renderer: 0.100
[1586436796.896][SEVERE]: Timed out receiving message from renderer: 0.100
[1586436796.999][SEVERE]: Timed out receiving message from renderer: 0.100
[1586436797.103][SEVERE]: Timed out receiving message from renderer: 0.100
[1586436797.207][SEVERE]: Timed out receiving message from renderer: 0.100
[1586436797.311][SEVERE]: Timed out receiving message from renderer: 0.100
[1586436797.413][SEVERE]: Timed out receiving message from renderer: 0.100
[1586436797.516][SEVERE]: Timed out receiving message from renderer: 0.100
[1586436797.620][SEVERE]: Timed out receiving message from renderer: 0.100
[1586436797.724][SEVERE]: Timed out receiving message from renderer: 0.100
[1586436797.827][SEVERE]: Timed out receiving message from renderer: 0.100
[1586436797.930][SEVERE]: Timed out receiving message from renderer: 0.100
[1586436798.034][SEVERE]: Timed out receiving message from renderer: 0.100
[1586436798.136][SEVERE]: Timed out receiving message from renderer: 0.100
[1586436798.238][SEVERE]: Timed out receiving message from renderer: 0.100
[1586436798.341][SEVERE]: Timed out receiving message from renderer: 0.100
[1586436799.292][SEVERE]: Timed out receiving message from renderer: 0.100
[1586436799.395][SEVERE]: Timed out receiving message from renderer: 0.100
]]></system-err>
  </testcase>
  <testcase name="openWeather{String, String}[2]" classname="com.example.app.Weather" time="8.915">
    <error message="invalid selector: The result of the xpath expression &quot;//*[@id=&apos;cat-pass&apos;]/p/text()[4]&quot; is: [object Text]. It should be an element.&#10;  (Session info: chrome=80.0.3987.163)&#10;For documentation on this error, please visit: https://www.seleniumhq.org/exceptions/invalid_selector_exception.html&#10;Build info: version: &apos;3.141.59&apos;, revision: &apos;e82be7d358&apos;, time: &apos;2018-11-14T08:17:03&apos;&#10;System info: host: &apos;katamitatsuyanoMacBook-ea.local&apos;, ip: &apos;fe80:0:0:0:818:a4c8:b860:3050%en0&apos;, os.name: &apos;Mac OS X&apos;, os.arch: &apos;x86_64&apos;, os.version: &apos;10.13.6&apos;, java.version: &apos;1.8.0_202&apos;&#10;Driver info: org.openqa.selenium.chrome.ChromeDriver&#10;Capabilities {acceptInsecureCerts: false, browserName: chrome, browserVersion: 80.0.3987.163, chrome: {chromedriverVersion: 80.0.3987.106 (f68069574609..., userDataDir: /var/folders/qc/gvsbvtx57l1...}, goog:chromeOptions: {debuggerAddress: localhost:52512}, javascriptEnabled: true, networkConnectionEnabled: false, pageLoadStrategy: normal, platform: MAC, platformName: MAC, proxy: Proxy(), setWindowRect: true, strictFileInteractability: false, timeouts: {implicit: 0, pageLoad: 300000, script: 30000}, unhandledPromptBehavior: dismiss and notify}&#10;Session ID: ec75ea134f24a772180e893686595b6c&#10;*** Element info: {Using=xpath, value=//*[@id=&apos;cat-pass&apos;]/p/text()[4]}" type="org.openqa.selenium.InvalidSelectorException">org.openqa.selenium.InvalidSelectorException: 
invalid selector: The result of the xpath expression "//*[@id='cat-pass']/p/text()[4]" is: [object Text]. It should be an element.
  (Session info: chrome=80.0.3987.163)
For documentation on this error, please visit: https://www.seleniumhq.org/exceptions/invalid_selector_exception.html
Build info: version: '3.141.59', revision: 'e82be7d358', time: '2018-11-14T08:17:03'
System info: host: 'katamitatsuyanoMacBook-ea.local', ip: 'fe80:0:0:0:818:a4c8:b860:3050%en0', os.name: 'Mac OS X', os.arch: 'x86_64', os.version: '10.13.6', java.version: '1.8.0_202'
Driver info: org.openqa.selenium.chrome.ChromeDriver
Capabilities {acceptInsecureCerts: false, browserName: chrome, browserVersion: 80.0.3987.163, chrome: {chromedriverVersion: 80.0.3987.106 (f68069574609..., userDataDir: /var/folders/qc/gvsbvtx57l1...}, goog:chromeOptions: {debuggerAddress: localhost:52512}, javascriptEnabled: true, networkConnectionEnabled: false, pageLoadStrategy: normal, platform: MAC, platformName: MAC, proxy: Proxy(), setWindowRect: true, strictFileInteractability: false, timeouts: {implicit: 0, pageLoad: 300000, script: 30000}, unhandledPromptBehavior: dismiss and notify}
Session ID: ec75ea134f24a772180e893686595b6c
*** Element info: {Using=xpath, value=//*[@id='cat-pass']/p/text()[4]}
	at com.example.app.Weather.openWeather(Weather.java:38)
</error>
    <system-err><![CDATA[[1586436803.540][SEVERE]: Timed out receiving message from renderer: 0.100
[1586436803.671][SEVERE]: Timed out receiving message from renderer: 0.100
[1586436804.032][SEVERE]: Timed out receiving message from renderer: 0.100
[1586436804.134][SEVERE]: Timed out receiving message from renderer: 0.100
[1586436804.242][SEVERE]: Timed out receiving message from renderer: 0.100
[1586436804.344][SEVERE]: Timed out receiving message from renderer: 0.100
[1586436804.447][SEVERE]: Timed out receiving message from renderer: 0.100
[1586436804.551][SEVERE]: Timed out receiving message from renderer: 0.100
[1586436804.654][SEVERE]: Timed out receiving message from renderer: 0.100
[1586436804.758][SEVERE]: Timed out receiving message from renderer: 0.100
[1586436804.860][SEVERE]: Timed out receiving message from renderer: 0.100
[1586436804.965][SEVERE]: Timed out receiving message from renderer: 0.100
[1586436805.071][SEVERE]: Timed out receiving message from renderer: 0.100
[1586436805.175][SEVERE]: Timed out receiving message from renderer: 0.100
[1586436805.278][SEVERE]: Timed out receiving message from renderer: 0.100
[1586436805.380][SEVERE]: Timed out receiving message from renderer: 0.100
[1586436805.484][SEVERE]: Timed out receiving message from renderer: 0.100
[1586436805.586][SEVERE]: Timed out receiving message from renderer: 0.100
[1586436805.689][SEVERE]: Timed out receiving message from renderer: 0.100
[1586436805.791][SEVERE]: Timed out receiving message from renderer: 0.100
[1586436805.893][SEVERE]: Timed out receiving message from renderer: 0.100
[1586436806.476][SEVERE]: Timed out receiving message from renderer: 0.100
[1586436806.580][SEVERE]: Timed out receiving message from renderer: 0.100
[1586436806.725][SEVERE]: Timed out receiving message from renderer: 0.100
[1586436806.827][SEVERE]: Timed out receiving message from renderer: 0.100
[1586436806.929][SEVERE]: Timed out receiving message from renderer: 0.100
[1586436807.039][SEVERE]: Timed out receiving message from renderer: 0.100
[1586436807.154][SEVERE]: Timed out receiving message from renderer: 0.100
[1586436807.255][SEVERE]: Timed out receiving message from renderer: 0.100
[1586436807.357][SEVERE]: Timed out receiving message from renderer: 0.100
[1586436807.460][SEVERE]: Timed out receiving message from renderer: 0.100
[1586436807.777][SEVERE]: Timed out receiving message from renderer: 0.100
[1586436808.443][SEVERE]: Timed out receiving message from renderer: 0.100
[1586436808.608][SEVERE]: Timed out receiving message from renderer: 0.100
[1586436811.479][SEVERE]: Timed out receiving message from renderer: 0.100
]]></system-err>
  </testcase>
  <testcase name="openWeather{String, String}[3]" classname="com.example.app.Weather" time="6.706">
    <error message="invalid selector: The result of the xpath expression &quot;//*[@id=&apos;cat-pass&apos;]/p/text()[4]&quot; is: [object Text]. It should be an element.&#10;  (Session info: chrome=80.0.3987.163)&#10;For documentation on this error, please visit: https://www.seleniumhq.org/exceptions/invalid_selector_exception.html&#10;Build info: version: &apos;3.141.59&apos;, revision: &apos;e82be7d358&apos;, time: &apos;2018-11-14T08:17:03&apos;&#10;System info: host: &apos;katamitatsuyanoMacBook-ea.local&apos;, ip: &apos;fe80:0:0:0:818:a4c8:b860:3050%en0&apos;, os.name: &apos;Mac OS X&apos;, os.arch: &apos;x86_64&apos;, os.version: &apos;10.13.6&apos;, java.version: &apos;1.8.0_202&apos;&#10;Driver info: org.openqa.selenium.chrome.ChromeDriver&#10;Capabilities {acceptInsecureCerts: false, browserName: chrome, browserVersion: 80.0.3987.163, chrome: {chromedriverVersion: 80.0.3987.106 (f68069574609..., userDataDir: /var/folders/qc/gvsbvtx57l1...}, goog:chromeOptions: {debuggerAddress: localhost:52512}, javascriptEnabled: true, networkConnectionEnabled: false, pageLoadStrategy: normal, platform: MAC, platformName: MAC, proxy: Proxy(), setWindowRect: true, strictFileInteractability: false, timeouts: {implicit: 0, pageLoad: 300000, script: 30000}, unhandledPromptBehavior: dismiss and notify}&#10;Session ID: ec75ea134f24a772180e893686595b6c&#10;*** Element info: {Using=xpath, value=//*[@id=&apos;cat-pass&apos;]/p/text()[4]}" type="org.openqa.selenium.InvalidSelectorException">org.openqa.selenium.InvalidSelectorException: 
invalid selector: The result of the xpath expression "//*[@id='cat-pass']/p/text()[4]" is: [object Text]. It should be an element.
  (Session info: chrome=80.0.3987.163)
For documentation on this error, please visit: https://www.seleniumhq.org/exceptions/invalid_selector_exception.html
Build info: version: '3.141.59', revision: 'e82be7d358', time: '2018-11-14T08:17:03'
System info: host: 'katamitatsuyanoMacBook-ea.local', ip: 'fe80:0:0:0:818:a4c8:b860:3050%en0', os.name: 'Mac OS X', os.arch: 'x86_64', os.version: '10.13.6', java.version: '1.8.0_202'
Driver info: org.openqa.selenium.chrome.ChromeDriver
Capabilities {acceptInsecureCerts: false, browserName: chrome, browserVersion: 80.0.3987.163, chrome: {chromedriverVersion: 80.0.3987.106 (f68069574609..., userDataDir: /var/folders/qc/gvsbvtx57l1...}, goog:chromeOptions: {debuggerAddress: localhost:52512}, javascriptEnabled: true, networkConnectionEnabled: false, pageLoadStrategy: normal, platform: MAC, platformName: MAC, proxy: Proxy(), setWindowRect: true, strictFileInteractability: false, timeouts: {implicit: 0, pageLoad: 300000, script: 30000}, unhandledPromptBehavior: dismiss and notify}
Session ID: ec75ea134f24a772180e893686595b6c
*** Element info: {Using=xpath, value=//*[@id='cat-pass']/p/text()[4]}
	at com.example.app.Weather.openWeather(Weather.java:38)
</error>
    <system-err><![CDATA[[1586436812.279][SEVERE]: Timed out receiving message from renderer: 0.100
[1586436813.041][SEVERE]: Timed out receiving message from renderer: 0.100
[1586436813.144][SEVERE]: Timed out receiving message from renderer: 0.100
[1586436813.246][SEVERE]: Timed out receiving message from renderer: 0.100
[1586436813.347][SEVERE]: Timed out receiving message from renderer: 0.100
[1586436814.427][SEVERE]: Timed out receiving message from renderer: 0.100
[1586436814.579][SEVERE]: Timed out receiving message from renderer: 0.100
[1586436817.020][SEVERE]: Timed out receiving message from renderer: 0.100
[1586436818.315][SEVERE]: Timed out receiving message from renderer: 0.100
]]></system-err>
  </testcase>
</testsuite>